0 info it worked if it ends with ok
1 verbose cli [ '/usr/bin/node', '/usr/bin/npm', 'i', 'express-generator', '-g' ]
2 info using npm@3.5.2
3 info using node@v8.10.0
4 silly loadCurrentTree Starting
5 silly install loadCurrentTree
6 silly install readGlobalPackageData
7 silly fetchPackageMetaData express-generator
8 silly fetchNamedPackageData express-generator
9 silly mapToRegistry name express-generator
10 silly mapToRegistry using default registry
11 silly mapToRegistry registry https://registry.npmjs.org/
12 silly mapToRegistry uri https://registry.npmjs.org/express-generator
13 verbose request uri https://registry.npmjs.org/express-generator
14 verbose request no auth needed
15 info attempt registry request try #1 at 1:07:51 AM
16 verbose request id 5cb72ea2362aee87
17 verbose etag W/"090025f244e5452c08644b57ff7c044e"
18 verbose lastModified Wed, 12 Apr 2023 04:10:23 GMT
19 http request GET https://registry.npmjs.org/express-generator
20 http 304 https://registry.npmjs.org/express-generator
21 verbose headers { date: 'Sun, 10 Dec 2023 19:07:51 GMT',
21 verbose headers   connection: 'keep-alive',
21 verbose headers   'cf-ray': '8337c5ee4b054ea4-DAC',
21 verbose headers   'cf-cache-status': 'HIT',
21 verbose headers   age: '173',
21 verbose headers   'cache-control': 'public, max-age=300',
21 verbose headers   etag: '"090025f244e5452c08644b57ff7c044e"',
21 verbose headers   'last-modified': 'Wed, 12 Apr 2023 04:10:23 GMT',
21 verbose headers   vary: 'Accept-Encoding',
21 verbose headers   server: 'cloudflare' }
22 silly get cb [ 304,
22 silly get   { date: 'Sun, 10 Dec 2023 19:07:51 GMT',
22 silly get     connection: 'keep-alive',
22 silly get     'cf-ray': '8337c5ee4b054ea4-DAC',
22 silly get     'cf-cache-status': 'HIT',
22 silly get     age: '173',
22 silly get     'cache-control': 'public, max-age=300',
22 silly get     etag: '"090025f244e5452c08644b57ff7c044e"',
22 silly get     'last-modified': 'Wed, 12 Apr 2023 04:10:23 GMT',
22 silly get     vary: 'Accept-Encoding',
22 silly get     server: 'cloudflare' } ]
23 verbose etag https://registry.npmjs.org/express-generator from cache
24 verbose get saving express-generator to /home/dell/.npm/registry.npmjs.org/express-generator/.cache.json
25 silly install normalizeTree
26 silly loadCurrentTree Finishing
27 silly loadIdealTree Starting
28 silly install loadIdealTree
29 silly cloneCurrentTree Starting
30 silly install cloneCurrentTreeToIdealTree
31 silly cloneCurrentTree Finishing
32 silly loadShrinkwrap Starting
33 silly install loadShrinkwrap
34 silly loadShrinkwrap Finishing
35 silly loadAllDepsIntoIdealTree Starting
36 silly install loadAllDepsIntoIdealTree
37 silly resolveWithNewModule express-generator@4.16.1 checking installable status
38 silly cache add args [ 'express-generator', null ]
39 verbose cache add spec express-generator
40 silly cache add parsed spec Result {
40 silly cache add   raw: 'express-generator',
40 silly cache add   scope: null,
40 silly cache add   name: 'express-generator',
40 silly cache add   rawSpec: '',
40 silly cache add   spec: 'latest',
40 silly cache add   type: 'tag' }
41 silly addNamed express-generator@latest
42 verbose addNamed "latest" is being treated as a dist-tag for express-generator
43 info addNameTag [ 'express-generator', 'latest' ]
44 silly mapToRegistry name express-generator
45 silly mapToRegistry using default registry
46 silly mapToRegistry registry https://registry.npmjs.org/
47 silly mapToRegistry uri https://registry.npmjs.org/express-generator
48 verbose addNameTag registry:https://registry.npmjs.org/express-generator not in flight; fetching
49 verbose get https://registry.npmjs.org/express-generator not expired, no request
50 silly addNameTag next cb for express-generator with tag latest
51 silly addNamed express-generator@4.16.1
52 verbose addNamed "4.16.1" is a plain semver version for express-generator
53 silly cache afterAdd express-generator@4.16.1
54 verbose afterAdd /home/dell/.npm/express-generator/4.16.1/package/package.json not in flight; writing
55 verbose afterAdd /home/dell/.npm/express-generator/4.16.1/package/package.json written
56 silly fetchNamedPackageData commander
57 silly mapToRegistry name commander
58 silly mapToRegistry using default registry
59 silly mapToRegistry registry https://registry.npmjs.org/
60 silly mapToRegistry uri https://registry.npmjs.org/commander
61 silly fetchNamedPackageData ejs
62 silly mapToRegistry name ejs
63 silly mapToRegistry using default registry
64 silly mapToRegistry registry https://registry.npmjs.org/
65 silly mapToRegistry uri https://registry.npmjs.org/ejs
66 silly fetchNamedPackageData minimatch
67 silly mapToRegistry name minimatch
68 silly mapToRegistry using default registry
69 silly mapToRegistry registry https://registry.npmjs.org/
70 silly mapToRegistry uri https://registry.npmjs.org/minimatch
71 silly fetchNamedPackageData mkdirp
72 silly mapToRegistry name mkdirp
73 silly mapToRegistry using default registry
74 silly mapToRegistry registry https://registry.npmjs.org/
75 silly mapToRegistry uri https://registry.npmjs.org/mkdirp
76 silly fetchNamedPackageData sorted-object
77 silly mapToRegistry name sorted-object
78 silly mapToRegistry using default registry
79 silly mapToRegistry registry https://registry.npmjs.org/
80 silly mapToRegistry uri https://registry.npmjs.org/sorted-object
81 verbose request uri https://registry.npmjs.org/ejs
82 verbose request no auth needed
83 info attempt registry request try #1 at 1:07:51 AM
84 verbose etag W/"41cec62407b39a6334b11aad744775f9"
85 verbose lastModified Sun, 12 Mar 2023 19:30:00 GMT
86 http request GET https://registry.npmjs.org/ejs
87 verbose request uri https://registry.npmjs.org/mkdirp
88 verbose request no auth needed
89 info attempt registry request try #1 at 1:07:51 AM
90 verbose etag W/"815c9dcfa54ff08b81134db3ea5bdd61"
91 verbose lastModified Tue, 07 Nov 2023 05:00:39 GMT
92 http request GET https://registry.npmjs.org/mkdirp
93 verbose request uri https://registry.npmjs.org/sorted-object
94 verbose request no auth needed
95 info attempt registry request try #1 at 1:07:51 AM
96 verbose etag W/"2c99a129a06833b6e9b2057cbd28f58e"
97 verbose lastModified Sun, 26 Jun 2022 22:18:06 GMT
98 http request GET https://registry.npmjs.org/sorted-object
99 verbose request uri https://registry.npmjs.org/minimatch
100 verbose request no auth needed
101 info attempt registry request try #1 at 1:07:51 AM
102 verbose etag W/"81a3edebcdd90e2adbfe823b4738aaa7"
103 verbose lastModified Thu, 06 Jul 2023 17:05:49 GMT
104 http request GET https://registry.npmjs.org/minimatch
105 verbose request uri https://registry.npmjs.org/commander
106 verbose request no auth needed
107 info attempt registry request try #1 at 1:07:51 AM
108 verbose etag W/"eeeda55240358ac4eeb47e3bd2b56106"
109 verbose lastModified Sat, 11 Nov 2023 05:42:48 GMT
110 http request GET https://registry.npmjs.org/commander
111 http 304 https://registry.npmjs.org/ejs
112 verbose headers { date: 'Sun, 10 Dec 2023 19:07:51 GMT',
112 verbose headers   connection: 'keep-alive',
112 verbose headers   'cf-ray': '8337c5ef3c814ea4-DAC',
112 verbose headers   'cf-cache-status': 'HIT',
112 verbose headers   age: '173',
112 verbose headers   'cache-control': 'public, max-age=300',
112 verbose headers   etag: '"41cec62407b39a6334b11aad744775f9"',
112 verbose headers   'last-modified': 'Sun, 12 Mar 2023 19:30:00 GMT',
112 verbose headers   vary: 'Accept-Encoding',
112 verbose headers   server: 'cloudflare' }
113 silly get cb [ 304,
113 silly get   { date: 'Sun, 10 Dec 2023 19:07:51 GMT',
113 silly get     connection: 'keep-alive',
113 silly get     'cf-ray': '8337c5ef3c814ea4-DAC',
113 silly get     'cf-cache-status': 'HIT',
113 silly get     age: '173',
113 silly get     'cache-control': 'public, max-age=300',
113 silly get     etag: '"41cec62407b39a6334b11aad744775f9"',
113 silly get     'last-modified': 'Sun, 12 Mar 2023 19:30:00 GMT',
113 silly get     vary: 'Accept-Encoding',
113 silly get     server: 'cloudflare' } ]
114 verbose etag https://registry.npmjs.org/ejs from cache
115 verbose get saving ejs to /home/dell/.npm/registry.npmjs.org/ejs/.cache.json
116 silly resolveWithNewModule ejs@2.6.1 checking installable status
117 silly cache add args [ 'ejs@2.6.1', null ]
118 verbose cache add spec ejs@2.6.1
119 silly cache add parsed spec Result {
119 silly cache add   raw: 'ejs@2.6.1',
119 silly cache add   scope: null,
119 silly cache add   name: 'ejs',
119 silly cache add   rawSpec: '2.6.1',
119 silly cache add   spec: '2.6.1',
119 silly cache add   type: 'version' }
120 silly addNamed ejs@2.6.1
121 verbose addNamed "2.6.1" is a plain semver version for ejs
122 silly mapToRegistry name ejs
123 silly mapToRegistry using default registry
124 silly mapToRegistry registry https://registry.npmjs.org/
125 silly mapToRegistry uri https://registry.npmjs.org/ejs
126 verbose addNameVersion registry:https://registry.npmjs.org/ejs not in flight; fetching
127 verbose get https://registry.npmjs.org/ejs not expired, no request
128 silly cache afterAdd ejs@2.6.1
129 verbose afterAdd /home/dell/.npm/ejs/2.6.1/package/package.json not in flight; writing
130 verbose afterAdd /home/dell/.npm/ejs/2.6.1/package/package.json written
131 http 304 https://registry.npmjs.org/mkdirp
132 verbose headers { date: 'Sun, 10 Dec 2023 19:07:51 GMT',
132 verbose headers   connection: 'keep-alive',
132 verbose headers   'cf-ray': '8337c5efcf484e9c-DAC',
132 verbose headers   'cf-cache-status': 'HIT',
132 verbose headers   age: '173',
132 verbose headers   'cache-control': 'public, max-age=300',
132 verbose headers   etag: '"815c9dcfa54ff08b81134db3ea5bdd61"',
132 verbose headers   'last-modified': 'Tue, 07 Nov 2023 05:00:39 GMT',
132 verbose headers   vary: 'Accept-Encoding',
132 verbose headers   server: 'cloudflare' }
133 silly get cb [ 304,
133 silly get   { date: 'Sun, 10 Dec 2023 19:07:51 GMT',
133 silly get     connection: 'keep-alive',
133 silly get     'cf-ray': '8337c5efcf484e9c-DAC',
133 silly get     'cf-cache-status': 'HIT',
133 silly get     age: '173',
133 silly get     'cache-control': 'public, max-age=300',
133 silly get     etag: '"815c9dcfa54ff08b81134db3ea5bdd61"',
133 silly get     'last-modified': 'Tue, 07 Nov 2023 05:00:39 GMT',
133 silly get     vary: 'Accept-Encoding',
133 silly get     server: 'cloudflare' } ]
134 verbose etag https://registry.npmjs.org/mkdirp from cache
135 verbose get saving mkdirp to /home/dell/.npm/registry.npmjs.org/mkdirp/.cache.json
136 http 304 https://registry.npmjs.org/commander
137 verbose headers { date: 'Sun, 10 Dec 2023 19:07:51 GMT',
137 verbose headers   connection: 'keep-alive',
137 verbose headers   'cf-ray': '8337c5efde0a4ea6-DAC',
137 verbose headers   'cf-cache-status': 'HIT',
137 verbose headers   age: '173',
137 verbose headers   'cache-control': 'public, max-age=300',
137 verbose headers   etag: '"eeeda55240358ac4eeb47e3bd2b56106"',
137 verbose headers   'last-modified': 'Sat, 11 Nov 2023 05:42:48 GMT',
137 verbose headers   vary: 'Accept-Encoding',
137 verbose headers   server: 'cloudflare' }
138 silly get cb [ 304,
138 silly get   { date: 'Sun, 10 Dec 2023 19:07:51 GMT',
138 silly get     connection: 'keep-alive',
138 silly get     'cf-ray': '8337c5efde0a4ea6-DAC',
138 silly get     'cf-cache-status': 'HIT',
138 silly get     age: '173',
138 silly get     'cache-control': 'public, max-age=300',
138 silly get     etag: '"eeeda55240358ac4eeb47e3bd2b56106"',
138 silly get     'last-modified': 'Sat, 11 Nov 2023 05:42:48 GMT',
138 silly get     vary: 'Accept-Encoding',
138 silly get     server: 'cloudflare' } ]
139 verbose etag https://registry.npmjs.org/commander from cache
140 verbose get saving commander to /home/dell/.npm/registry.npmjs.org/commander/.cache.json
141 http 304 https://registry.npmjs.org/minimatch
142 verbose headers { date: 'Sun, 10 Dec 2023 19:07:51 GMT',
142 verbose headers   connection: 'keep-alive',
142 verbose headers   'cf-ray': '8337c5efde633378-DAC',
142 verbose headers   'cf-cache-status': 'HIT',
142 verbose headers   age: '173',
142 verbose headers   'cache-control': 'public, max-age=300',
142 verbose headers   etag: '"81a3edebcdd90e2adbfe823b4738aaa7"',
142 verbose headers   'last-modified': 'Thu, 06 Jul 2023 17:05:49 GMT',
142 verbose headers   vary: 'Accept-Encoding',
142 verbose headers   server: 'cloudflare' }
143 silly get cb [ 304,
143 silly get   { date: 'Sun, 10 Dec 2023 19:07:51 GMT',
143 silly get     connection: 'keep-alive',
143 silly get     'cf-ray': '8337c5efde633378-DAC',
143 silly get     'cf-cache-status': 'HIT',
143 silly get     age: '173',
143 silly get     'cache-control': 'public, max-age=300',
143 silly get     etag: '"81a3edebcdd90e2adbfe823b4738aaa7"',
143 silly get     'last-modified': 'Thu, 06 Jul 2023 17:05:49 GMT',
143 silly get     vary: 'Accept-Encoding',
143 silly get     server: 'cloudflare' } ]
144 verbose etag https://registry.npmjs.org/minimatch from cache
145 verbose get saving minimatch to /home/dell/.npm/registry.npmjs.org/minimatch/.cache.json
146 http 304 https://registry.npmjs.org/sorted-object
147 verbose headers { date: 'Sun, 10 Dec 2023 19:07:51 GMT',
147 verbose headers   connection: 'keep-alive',
147 verbose headers   'cf-ray': '8337c5efcf4a4e9c-DAC',
147 verbose headers   'cf-cache-status': 'HIT',
147 verbose headers   age: '173',
147 verbose headers   'cache-control': 'public, max-age=300',
147 verbose headers   etag: '"2c99a129a06833b6e9b2057cbd28f58e"',
147 verbose headers   'last-modified': 'Sun, 26 Jun 2022 22:18:06 GMT',
147 verbose headers   vary: 'Accept-Encoding',
147 verbose headers   server: 'cloudflare' }
148 silly get cb [ 304,
148 silly get   { date: 'Sun, 10 Dec 2023 19:07:51 GMT',
148 silly get     connection: 'keep-alive',
148 silly get     'cf-ray': '8337c5efcf4a4e9c-DAC',
148 silly get     'cf-cache-status': 'HIT',
148 silly get     age: '173',
148 silly get     'cache-control': 'public, max-age=300',
148 silly get     etag: '"2c99a129a06833b6e9b2057cbd28f58e"',
148 silly get     'last-modified': 'Sun, 26 Jun 2022 22:18:06 GMT',
148 silly get     vary: 'Accept-Encoding',
148 silly get     server: 'cloudflare' } ]
149 verbose etag https://registry.npmjs.org/sorted-object from cache
150 verbose get saving sorted-object to /home/dell/.npm/registry.npmjs.org/sorted-object/.cache.json
151 silly resolveWithNewModule mkdirp@0.5.1 checking installable status
152 silly cache add args [ 'mkdirp@0.5.1', null ]
153 verbose cache add spec mkdirp@0.5.1
154 silly cache add parsed spec Result {
154 silly cache add   raw: 'mkdirp@0.5.1',
154 silly cache add   scope: null,
154 silly cache add   name: 'mkdirp',
154 silly cache add   rawSpec: '0.5.1',
154 silly cache add   spec: '0.5.1',
154 silly cache add   type: 'version' }
155 silly addNamed mkdirp@0.5.1
156 verbose addNamed "0.5.1" is a plain semver version for mkdirp
157 silly mapToRegistry name mkdirp
158 silly mapToRegistry using default registry
159 silly mapToRegistry registry https://registry.npmjs.org/
160 silly mapToRegistry uri https://registry.npmjs.org/mkdirp
161 verbose addNameVersion registry:https://registry.npmjs.org/mkdirp not in flight; fetching
162 verbose get https://registry.npmjs.org/mkdirp not expired, no request
163 warn deprecated mkdirp@0.5.1: Legacy versions of mkdirp are no longer supported. Please update to mkdirp 1.x. (Note that the API surface has changed to use Promises in 1.x.)
164 silly resolveWithNewModule commander@2.15.1 checking installable status
165 silly cache add args [ 'commander@2.15.1', null ]
166 verbose cache add spec commander@2.15.1
167 silly cache add parsed spec Result {
167 silly cache add   raw: 'commander@2.15.1',
167 silly cache add   scope: null,
167 silly cache add   name: 'commander',
167 silly cache add   rawSpec: '2.15.1',
167 silly cache add   spec: '2.15.1',
167 silly cache add   type: 'version' }
168 silly addNamed commander@2.15.1
169 verbose addNamed "2.15.1" is a plain semver version for commander
170 silly mapToRegistry name commander
171 silly mapToRegistry using default registry
172 silly mapToRegistry registry https://registry.npmjs.org/
173 silly mapToRegistry uri https://registry.npmjs.org/commander
174 verbose addNameVersion registry:https://registry.npmjs.org/commander not in flight; fetching
175 silly resolveWithNewModule sorted-object@2.0.1 checking installable status
176 silly cache add args [ 'sorted-object@2.0.1', null ]
177 verbose cache add spec sorted-object@2.0.1
178 silly cache add parsed spec Result {
178 silly cache add   raw: 'sorted-object@2.0.1',
178 silly cache add   scope: null,
178 silly cache add   name: 'sorted-object',
178 silly cache add   rawSpec: '2.0.1',
178 silly cache add   spec: '2.0.1',
178 silly cache add   type: 'version' }
179 silly addNamed sorted-object@2.0.1
180 verbose addNamed "2.0.1" is a plain semver version for sorted-object
181 silly mapToRegistry name sorted-object
182 silly mapToRegistry using default registry
183 silly mapToRegistry registry https://registry.npmjs.org/
184 silly mapToRegistry uri https://registry.npmjs.org/sorted-object
185 verbose addNameVersion registry:https://registry.npmjs.org/sorted-object not in flight; fetching
186 verbose get https://registry.npmjs.org/commander not expired, no request
187 silly resolveWithNewModule minimatch@3.0.4 checking installable status
188 silly cache add args [ 'minimatch@3.0.4', null ]
189 verbose cache add spec minimatch@3.0.4
190 silly cache add parsed spec Result {
190 silly cache add   raw: 'minimatch@3.0.4',
190 silly cache add   scope: null,
190 silly cache add   name: 'minimatch',
190 silly cache add   rawSpec: '3.0.4',
190 silly cache add   spec: '3.0.4',
190 silly cache add   type: 'version' }
191 silly addNamed minimatch@3.0.4
192 verbose addNamed "3.0.4" is a plain semver version for minimatch
193 silly mapToRegistry name minimatch
194 silly mapToRegistry using default registry
195 silly mapToRegistry registry https://registry.npmjs.org/
196 silly mapToRegistry uri https://registry.npmjs.org/minimatch
197 verbose addNameVersion registry:https://registry.npmjs.org/minimatch not in flight; fetching
198 silly cache afterAdd mkdirp@0.5.1
199 verbose afterAdd /home/dell/.npm/mkdirp/0.5.1/package/package.json not in flight; writing
200 verbose get https://registry.npmjs.org/sorted-object not expired, no request
201 silly cache afterAdd commander@2.15.1
202 verbose afterAdd /home/dell/.npm/commander/2.15.1/package/package.json not in flight; writing
203 verbose get https://registry.npmjs.org/minimatch not expired, no request
204 verbose afterAdd /home/dell/.npm/mkdirp/0.5.1/package/package.json written
205 silly cache afterAdd sorted-object@2.0.1
206 verbose afterAdd /home/dell/.npm/sorted-object/2.0.1/package/package.json not in flight; writing
207 verbose afterAdd /home/dell/.npm/commander/2.15.1/package/package.json written
208 silly cache afterAdd minimatch@3.0.4
209 verbose afterAdd /home/dell/.npm/minimatch/3.0.4/package/package.json not in flight; writing
210 verbose afterAdd /home/dell/.npm/sorted-object/2.0.1/package/package.json written
211 verbose afterAdd /home/dell/.npm/minimatch/3.0.4/package/package.json written
212 silly fetchNamedPackageData brace-expansion
213 silly mapToRegistry name brace-expansion
214 silly mapToRegistry using default registry
215 silly mapToRegistry registry https://registry.npmjs.org/
216 silly mapToRegistry uri https://registry.npmjs.org/brace-expansion
217 verbose request uri https://registry.npmjs.org/brace-expansion
218 verbose request no auth needed
219 info attempt registry request try #1 at 1:07:51 AM
220 verbose etag W/"df74e0f30fa0cd6f51e56a3397cc10c2"
221 verbose lastModified Sat, 07 Oct 2023 13:31:04 GMT
222 http request GET https://registry.npmjs.org/brace-expansion
223 http 304 https://registry.npmjs.org/brace-expansion
224 verbose headers { date: 'Sun, 10 Dec 2023 19:07:51 GMT',
224 verbose headers   connection: 'keep-alive',
224 verbose headers   'cf-ray': '8337c5f0ff284ea4-DAC',
224 verbose headers   'cf-cache-status': 'HIT',
224 verbose headers   age: '172',
224 verbose headers   'cache-control': 'public, max-age=300',
224 verbose headers   etag: '"df74e0f30fa0cd6f51e56a3397cc10c2"',
224 verbose headers   'last-modified': 'Sat, 07 Oct 2023 13:31:04 GMT',
224 verbose headers   vary: 'Accept-Encoding',
224 verbose headers   server: 'cloudflare' }
225 silly get cb [ 304,
225 silly get   { date: 'Sun, 10 Dec 2023 19:07:51 GMT',
225 silly get     connection: 'keep-alive',
225 silly get     'cf-ray': '8337c5f0ff284ea4-DAC',
225 silly get     'cf-cache-status': 'HIT',
225 silly get     age: '172',
225 silly get     'cache-control': 'public, max-age=300',
225 silly get     etag: '"df74e0f30fa0cd6f51e56a3397cc10c2"',
225 silly get     'last-modified': 'Sat, 07 Oct 2023 13:31:04 GMT',
225 silly get     vary: 'Accept-Encoding',
225 silly get     server: 'cloudflare' } ]
226 verbose etag https://registry.npmjs.org/brace-expansion from cache
227 verbose get saving brace-expansion to /home/dell/.npm/registry.npmjs.org/brace-expansion/.cache.json
228 silly resolveWithNewModule brace-expansion@1.1.11 checking installable status
229 silly cache add args [ 'brace-expansion@^1.1.7', null ]
230 verbose cache add spec brace-expansion@^1.1.7
231 silly cache add parsed spec Result {
231 silly cache add   raw: 'brace-expansion@^1.1.7',
231 silly cache add   scope: null,
231 silly cache add   name: 'brace-expansion',
231 silly cache add   rawSpec: '^1.1.7',
231 silly cache add   spec: '>=1.1.7 <2.0.0',
231 silly cache add   type: 'range' }
232 silly addNamed brace-expansion@>=1.1.7 <2.0.0
233 verbose addNamed ">=1.1.7 <2.0.0" is a valid semver range for brace-expansion
234 silly addNameRange { name: 'brace-expansion',
234 silly addNameRange   range: '>=1.1.7 <2.0.0',
234 silly addNameRange   hasData: false }
235 silly mapToRegistry name brace-expansion
236 silly mapToRegistry using default registry
237 silly mapToRegistry registry https://registry.npmjs.org/
238 silly mapToRegistry uri https://registry.npmjs.org/brace-expansion
239 verbose addNameRange registry:https://registry.npmjs.org/brace-expansion not in flight; fetching
240 verbose get https://registry.npmjs.org/brace-expansion not expired, no request
241 silly addNameRange number 2 { name: 'brace-expansion',
241 silly addNameRange   range: '>=1.1.7 <2.0.0',
241 silly addNameRange   hasData: true }
242 silly addNameRange versions [ 'brace-expansion',
242 silly addNameRange   [ '0.0.0',
242 silly addNameRange     '1.0.0',
242 silly addNameRange     '1.0.1',
242 silly addNameRange     '1.1.0',
242 silly addNameRange     '1.1.1',
242 silly addNameRange     '1.1.2',
242 silly addNameRange     '1.1.3',
242 silly addNameRange     '1.1.4',
242 silly addNameRange     '1.1.5',
242 silly addNameRange     '1.1.6',
242 silly addNameRange     '1.1.7',
242 silly addNameRange     '1.1.8',
242 silly addNameRange     '1.1.9',
242 silly addNameRange     '1.1.10',
242 silly addNameRange     '1.1.11',
242 silly addNameRange     '2.0.0',
242 silly addNameRange     '2.0.1',
242 silly addNameRange     '3.0.0' ] ]
243 silly addNamed brace-expansion@1.1.11
244 verbose addNamed "1.1.11" is a plain semver version for brace-expansion
245 silly cache afterAdd brace-expansion@1.1.11
246 verbose afterAdd /home/dell/.npm/brace-expansion/1.1.11/package/package.json not in flight; writing
247 verbose afterAdd /home/dell/.npm/brace-expansion/1.1.11/package/package.json written
248 silly fetchNamedPackageData balanced-match
249 silly mapToRegistry name balanced-match
250 silly mapToRegistry using default registry
251 silly mapToRegistry registry https://registry.npmjs.org/
252 silly mapToRegistry uri https://registry.npmjs.org/balanced-match
253 silly fetchNamedPackageData concat-map
254 silly mapToRegistry name concat-map
255 silly mapToRegistry using default registry
256 silly mapToRegistry registry https://registry.npmjs.org/
257 silly mapToRegistry uri https://registry.npmjs.org/concat-map
258 verbose request uri https://registry.npmjs.org/balanced-match
259 verbose request no auth needed
260 info attempt registry request try #1 at 1:07:51 AM
261 verbose etag W/"f5f0052d0e6b8b6ff7bacdab9ba21af4"
262 verbose lastModified Sat, 07 Oct 2023 13:34:05 GMT
263 http request GET https://registry.npmjs.org/balanced-match
264 verbose request uri https://registry.npmjs.org/concat-map
265 verbose request no auth needed
266 info attempt registry request try #1 at 1:07:51 AM
267 verbose etag W/"039c2675398002825baa586d76e4c484"
268 verbose lastModified Thu, 22 Jun 2023 16:31:37 GMT
269 http request GET https://registry.npmjs.org/concat-map
270 http 304 https://registry.npmjs.org/balanced-match
271 verbose headers { date: 'Sun, 10 Dec 2023 19:07:51 GMT',
271 verbose headers   connection: 'keep-alive',
271 verbose headers   'cf-ray': '8337c5f179dc4e9c-DAC',
271 verbose headers   'cf-cache-status': 'HIT',
271 verbose headers   age: '171',
271 verbose headers   'cache-control': 'public, max-age=300',
271 verbose headers   etag: '"f5f0052d0e6b8b6ff7bacdab9ba21af4"',
271 verbose headers   'last-modified': 'Sat, 07 Oct 2023 13:34:05 GMT',
271 verbose headers   vary: 'Accept-Encoding',
271 verbose headers   server: 'cloudflare' }
272 silly get cb [ 304,
272 silly get   { date: 'Sun, 10 Dec 2023 19:07:51 GMT',
272 silly get     connection: 'keep-alive',
272 silly get     'cf-ray': '8337c5f179dc4e9c-DAC',
272 silly get     'cf-cache-status': 'HIT',
272 silly get     age: '171',
272 silly get     'cache-control': 'public, max-age=300',
272 silly get     etag: '"f5f0052d0e6b8b6ff7bacdab9ba21af4"',
272 silly get     'last-modified': 'Sat, 07 Oct 2023 13:34:05 GMT',
272 silly get     vary: 'Accept-Encoding',
272 silly get     server: 'cloudflare' } ]
273 verbose etag https://registry.npmjs.org/balanced-match from cache
274 verbose get saving balanced-match to /home/dell/.npm/registry.npmjs.org/balanced-match/.cache.json
275 http 304 https://registry.npmjs.org/concat-map
276 verbose headers { date: 'Sun, 10 Dec 2023 19:07:51 GMT',
276 verbose headers   connection: 'keep-alive',
276 verbose headers   'cf-ray': '8337c5f178854ea6-DAC',
276 verbose headers   'cf-cache-status': 'HIT',
276 verbose headers   age: '171',
276 verbose headers   'cache-control': 'public, max-age=300',
276 verbose headers   etag: '"039c2675398002825baa586d76e4c484"',
276 verbose headers   'last-modified': 'Thu, 22 Jun 2023 16:31:37 GMT',
276 verbose headers   vary: 'Accept-Encoding',
276 verbose headers   server: 'cloudflare' }
277 silly get cb [ 304,
277 silly get   { date: 'Sun, 10 Dec 2023 19:07:51 GMT',
277 silly get     connection: 'keep-alive',
277 silly get     'cf-ray': '8337c5f178854ea6-DAC',
277 silly get     'cf-cache-status': 'HIT',
277 silly get     age: '171',
277 silly get     'cache-control': 'public, max-age=300',
277 silly get     etag: '"039c2675398002825baa586d76e4c484"',
277 silly get     'last-modified': 'Thu, 22 Jun 2023 16:31:37 GMT',
277 silly get     vary: 'Accept-Encoding',
277 silly get     server: 'cloudflare' } ]
278 verbose etag https://registry.npmjs.org/concat-map from cache
279 verbose get saving concat-map to /home/dell/.npm/registry.npmjs.org/concat-map/.cache.json
280 silly resolveWithNewModule balanced-match@1.0.2 checking installable status
281 silly cache add args [ 'balanced-match@^1.0.0', null ]
282 verbose cache add spec balanced-match@^1.0.0
283 silly cache add parsed spec Result {
283 silly cache add   raw: 'balanced-match@^1.0.0',
283 silly cache add   scope: null,
283 silly cache add   name: 'balanced-match',
283 silly cache add   rawSpec: '^1.0.0',
283 silly cache add   spec: '>=1.0.0 <2.0.0',
283 silly cache add   type: 'range' }
284 silly addNamed balanced-match@>=1.0.0 <2.0.0
285 verbose addNamed ">=1.0.0 <2.0.0" is a valid semver range for balanced-match
286 silly addNameRange { name: 'balanced-match',
286 silly addNameRange   range: '>=1.0.0 <2.0.0',
286 silly addNameRange   hasData: false }
287 silly mapToRegistry name balanced-match
288 silly mapToRegistry using default registry
289 silly mapToRegistry registry https://registry.npmjs.org/
290 silly mapToRegistry uri https://registry.npmjs.org/balanced-match
291 verbose addNameRange registry:https://registry.npmjs.org/balanced-match not in flight; fetching
292 silly resolveWithNewModule concat-map@0.0.1 checking installable status
293 silly cache add args [ 'concat-map@0.0.1', null ]
294 verbose cache add spec concat-map@0.0.1
295 silly cache add parsed spec Result {
295 silly cache add   raw: 'concat-map@0.0.1',
295 silly cache add   scope: null,
295 silly cache add   name: 'concat-map',
295 silly cache add   rawSpec: '0.0.1',
295 silly cache add   spec: '0.0.1',
295 silly cache add   type: 'version' }
296 silly addNamed concat-map@0.0.1
297 verbose addNamed "0.0.1" is a plain semver version for concat-map
298 silly mapToRegistry name concat-map
299 silly mapToRegistry using default registry
300 silly mapToRegistry registry https://registry.npmjs.org/
301 silly mapToRegistry uri https://registry.npmjs.org/concat-map
302 verbose addNameVersion registry:https://registry.npmjs.org/concat-map not in flight; fetching
303 verbose get https://registry.npmjs.org/concat-map not expired, no request
304 verbose get https://registry.npmjs.org/balanced-match not expired, no request
305 silly addNameRange number 2 { name: 'balanced-match',
305 silly addNameRange   range: '>=1.0.0 <2.0.0',
305 silly addNameRange   hasData: true }
306 silly addNameRange versions [ 'balanced-match',
306 silly addNameRange   [ '0.0.0',
306 silly addNameRange     '0.0.1',
306 silly addNameRange     '0.1.0',
306 silly addNameRange     '0.2.0',
306 silly addNameRange     '0.2.1',
306 silly addNameRange     '0.3.0',
306 silly addNameRange     '0.4.0',
306 silly addNameRange     '0.4.1',
306 silly addNameRange     '0.4.2',
306 silly addNameRange     '1.0.0',
306 silly addNameRange     '1.0.1',
306 silly addNameRange     '1.0.2',
306 silly addNameRange     '2.0.0',
306 silly addNameRange     '3.0.0',
306 silly addNameRange     '3.0.1' ] ]
307 silly addNamed balanced-match@1.0.2
308 verbose addNamed "1.0.2" is a plain semver version for balanced-match
309 silly cache afterAdd balanced-match@1.0.2
310 verbose afterAdd /home/dell/.npm/balanced-match/1.0.2/package/package.json not in flight; writing
311 silly cache afterAdd concat-map@0.0.1
312 verbose afterAdd /home/dell/.npm/concat-map/0.0.1/package/package.json not in flight; writing
313 verbose afterAdd /home/dell/.npm/concat-map/0.0.1/package/package.json written
314 verbose afterAdd /home/dell/.npm/balanced-match/1.0.2/package/package.json written
315 silly fetchNamedPackageData minimist
316 silly mapToRegistry name minimist
317 silly mapToRegistry using default registry
318 silly mapToRegistry registry https://registry.npmjs.org/
319 silly mapToRegistry uri https://registry.npmjs.org/minimist
320 verbose request uri https://registry.npmjs.org/minimist
321 verbose request no auth needed
322 info attempt registry request try #1 at 1:07:51 AM
323 verbose etag W/"b69e207b4cbfcc285594ffa0341e5db8"
324 verbose lastModified Fri, 09 Jun 2023 21:33:08 GMT
325 http request GET https://registry.npmjs.org/minimist
326 http 304 https://registry.npmjs.org/minimist
327 verbose headers { date: 'Sun, 10 Dec 2023 19:07:52 GMT',
327 verbose headers   connection: 'keep-alive',
327 verbose headers   'cf-ray': '8337c5f1e8a03378-DAC',
327 verbose headers   'cf-cache-status': 'HIT',
327 verbose headers   age: '172',
327 verbose headers   'cache-control': 'public, max-age=300',
327 verbose headers   etag: '"b69e207b4cbfcc285594ffa0341e5db8"',
327 verbose headers   'last-modified': 'Fri, 09 Jun 2023 21:33:08 GMT',
327 verbose headers   vary: 'Accept-Encoding',
327 verbose headers   server: 'cloudflare' }
328 silly get cb [ 304,
328 silly get   { date: 'Sun, 10 Dec 2023 19:07:52 GMT',
328 silly get     connection: 'keep-alive',
328 silly get     'cf-ray': '8337c5f1e8a03378-DAC',
328 silly get     'cf-cache-status': 'HIT',
328 silly get     age: '172',
328 silly get     'cache-control': 'public, max-age=300',
328 silly get     etag: '"b69e207b4cbfcc285594ffa0341e5db8"',
328 silly get     'last-modified': 'Fri, 09 Jun 2023 21:33:08 GMT',
328 silly get     vary: 'Accept-Encoding',
328 silly get     server: 'cloudflare' } ]
329 verbose etag https://registry.npmjs.org/minimist from cache
330 verbose get saving minimist to /home/dell/.npm/registry.npmjs.org/minimist/.cache.json
331 silly resolveWithNewModule minimist@0.0.8 checking installable status
332 silly cache add args [ 'minimist@0.0.8', null ]
333 verbose cache add spec minimist@0.0.8
334 silly cache add parsed spec Result {
334 silly cache add   raw: 'minimist@0.0.8',
334 silly cache add   scope: null,
334 silly cache add   name: 'minimist',
334 silly cache add   rawSpec: '0.0.8',
334 silly cache add   spec: '0.0.8',
334 silly cache add   type: 'version' }
335 silly addNamed minimist@0.0.8
336 verbose addNamed "0.0.8" is a plain semver version for minimist
337 silly mapToRegistry name minimist
338 silly mapToRegistry using default registry
339 silly mapToRegistry registry https://registry.npmjs.org/
340 silly mapToRegistry uri https://registry.npmjs.org/minimist
341 verbose addNameVersion registry:https://registry.npmjs.org/minimist not in flight; fetching
342 verbose get https://registry.npmjs.org/minimist not expired, no request
343 silly cache afterAdd minimist@0.0.8
344 verbose afterAdd /home/dell/.npm/minimist/0.0.8/package/package.json not in flight; writing
345 verbose afterAdd /home/dell/.npm/minimist/0.0.8/package/package.json written
346 silly loadAllDepsIntoIdealTree Finishing
347 silly idealTree:prePrune lib
347 silly idealTree:prePrune └─┬ express-generator@4.16.1
347 silly idealTree:prePrune   ├── balanced-match@1.0.2
347 silly idealTree:prePrune   ├── brace-expansion@1.1.11
347 silly idealTree:prePrune   ├── commander@2.15.1
347 silly idealTree:prePrune   ├── concat-map@0.0.1
347 silly idealTree:prePrune   ├── ejs@2.6.1
347 silly idealTree:prePrune   ├── minimatch@3.0.4
347 silly idealTree:prePrune   ├── minimist@0.0.8
347 silly idealTree:prePrune   ├── mkdirp@0.5.1
347 silly idealTree:prePrune   └── sorted-object@2.0.1
348 silly loadIdealTree Finishing
349 silly currentTree lib
350 silly idealTree lib
350 silly idealTree └─┬ express-generator@4.16.1
350 silly idealTree   ├── balanced-match@1.0.2
350 silly idealTree   ├── brace-expansion@1.1.11
350 silly idealTree   ├── commander@2.15.1
350 silly idealTree   ├── concat-map@0.0.1
350 silly idealTree   ├── ejs@2.6.1
350 silly idealTree   ├── minimatch@3.0.4
350 silly idealTree   ├── minimist@0.0.8
350 silly idealTree   ├── mkdirp@0.5.1
350 silly idealTree   └── sorted-object@2.0.1
351 silly generateActionsToTake Starting
352 silly install generateActionsToTake
353 warn checkPermissions Missing write access to /usr/local/lib
354 silly rollbackFailedOptional Starting
355 silly rollbackFailedOptional Finishing
356 silly runTopLevelLifecycles Starting
357 silly runTopLevelLifecycles Finishing
358 silly install printInstalled
359 verbose stack Error: EACCES: permission denied, access '/usr/local/lib'
360 verbose cwd /home/dell/Desktop/CSE/coding/javascript/helloproject
361 error Linux 5.4.0-150-generic
362 error argv "/usr/bin/node" "/usr/bin/npm" "i" "express-generator" "-g"
363 error node v8.10.0
364 error npm  v3.5.2
365 error path /usr/local/lib
366 error code EACCES
367 error errno -13
368 error syscall access
369 error Error: EACCES: permission denied, access '/usr/local/lib'
369 error  { Error: EACCES: permission denied, access '/usr/local/lib'
369 error   errno: -13,
369 error   code: 'EACCES',
369 error   syscall: 'access',
369 error   path: '/usr/local/lib' }
370 error Please try running this command again as root/Administrator.
371 verbose exit [ -13, true ]
